<?xml version="1.0" encoding="UTF-8"?>
<testng-results ignored="0" total="2" passed="2" failed="0" skipped="0">
  <reporter-output>
  </reporter-output>
  <suite started-at="2022-07-19T11:40:47 IST" name="Default suite" finished-at="2022-07-19T11:41:21 IST" duration-ms="33642">
    <groups>
    </groups>
    <test started-at="2022-07-19T11:40:47 IST" name="Default test" finished-at="2022-07-19T11:41:21 IST" duration-ms="33642">
      <class name="A.Test_ng">
        <test-method signature="test1()[pri:0, instance:A.Test_ng@a530d0a]" started-at="2022-07-19T11:40:47 IST" name="test1" finished-at="2022-07-19T11:41:00 IST" duration-ms="13321" status="PASS">
          <reporter-output>
          </reporter-output>
        </test-method> <!-- test1 -->
        <test-method signature="test2()[pri:0, instance:A.Test_ng@a530d0a]" started-at="2022-07-19T11:41:00 IST" name="test2" finished-at="2022-07-19T11:41:21 IST" duration-ms="20220" status="PASS">
          <reporter-output>
          </reporter-output>
        </test-method> <!-- test2 -->
      </class> <!-- A.Test_ng -->
    </test> <!-- Default test -->
  </suite> <!-- Default suite -->
</testng-results>
